2014-06-28T07:19:08.937Z - info: lastCursor: null
2014-06-28T07:59:12.750Z - info: lastCursor: null
2014-06-28T07:59:28.371Z - info: /webhook get request from dropbox service
2014-06-28T07:59:28.372Z - info: challange: undefined
2014-06-28T07:59:32.689Z - info: /webhook get request from dropbox service
2014-06-28T07:59:32.689Z - info: challange: 2
2014-06-28T08:20:13.407Z - info: /webhook get request from dropbox service
2014-06-28T08:20:13.407Z - info: challange: 2
2014-06-28T08:25:14.655Z - info: lastCursor: null
2014-06-28T08:25:19.578Z - info: lastCursor: null
2014-06-28T08:25:47.997Z - info: lastCursor: null
2014-06-28T08:25:51.565Z - info: lastCursor: null
2014-06-28T08:26:13.160Z - info: lastCursor: null
2014-06-28T08:27:12.171Z - info: lastCursor: null
2014-06-28T08:28:30.209Z - info: lastCursor: null
2014-06-28T08:34:27.690Z - info: lastCursor: null
2014-06-28T08:35:01.310Z - info: lastCursor: null
2014-06-28T08:35:22.864Z - info: lastCursor: null
2014-06-28T08:38:41.458Z - info: lastCursor: null
2014-06-28T08:39:16.025Z - info: lastCursor: null
2014-06-28T08:39:37.503Z - info: lastCursor: null
2014-06-28T08:40:24.150Z - info: lastCursor: null
2014-06-28T08:40:43.279Z - info: lastCursor: AAG1zHiJQ3P4s6MtuiB-tgbf9TTxPwFyjQhPoBMJSEXuzvKS4fmEQJ22tPK4isgkM-QGbsMkZRvD1Rl5IVi3dZKBvMQGxwEIt4Hx36PUrS-8TmjEWyhUlmV12XA9WuJjZpQ
2014-06-28T08:41:08.204Z - info: lastCursor: AAHKQ764-lrFpfad3DExfZsw6moCz0WddmzRdVKFP4J7QI6Yz72xrAWBKIJy8SL07dcGxCMIKhMRZaJsifOZ96CT92SV_FNRdxJwxYT7GgJCi_roZBOIYgY92MaUbsKqXcc
2014-06-28T08:41:33.599Z - info: lastCursor: AAENTVoKOrHjwbC1V1SvgPMfrtei5SV_iNdHPhVXORJmFwzFCGoOOuih2g5UA1IZpHzd3iNM_JPCi-HBvMP73nc2VR3Vdxe5WTl7UBDYA0Wl2rnGEciHhyyEqz6qyFfdFJk
2014-06-28T08:42:39.331Z - info: lastCursor: AAFqgUyhqsydzBbVJ3J1AqIDUslCa9TMrsOfPqWaRvrflOTHzxRE-QblXnvq9E6yDSTW_8dNGJ5woKQ8qx0ozqoHbZJj3QHGT0bGh2qA74jzoBg1eDmKRLQ5Wq_g6mcSweU
2014-06-28T08:44:28.138Z - info: lastCursor: null
2014-06-28T08:45:40.646Z - info: lastCursor: AAHfCd1ic0NwEHxCFt9fmW3DmKJp2qEJUHpcVoIMnfE3z62KyKJXsxunwic2FLX9wJjT1xtdNhxTwogqpVYOMIvhml14WN0UL39Lqd1kZ9Zns6DbIx02clvmc8gos0YtC6Y
2014-06-28T08:45:55.001Z - info: lastCursor: AAFkDlL3vH3Mf3yEtd6T2oviVw85a1NtFcFy7aSGUlFVv_GhXRbyjR8SE3mq9EpjX4Nlgf5h5y2UkUGTE_-AY-iiKgr3lssn3-0-qatYoCXzjGGVrHoqgTQlTQ9_Gz4Evso
2014-06-28T08:46:02.806Z - info: lastCursor: AAFxYZa6PW3YVutNNpIc_jUXtKKrNsO6rIMOPvdy3qFI__vuCLFavSa6IyzzDTPBjxMvrQVZi8hdDZL7y9QPe-FC8PqxSOi2r8hp2M4OzYWUAAqN3nm8GpXdSqJHGBlI4ok
2014-06-30T02:39:10.923Z - info: lastCursor: null
2014-06-30T02:41:08.904Z - info: lastCursor: null
2014-06-30T03:07:30.225Z - info: lastCursor: null
2014-06-30T03:27:19.445Z - info: lastCursor: null
2014-06-30T03:32:08.845Z - info: lastCursor: null
2014-06-30T03:35:21.382Z - info: lastCursor: null
2014-06-30T03:37:42.144Z - info: lastCursor: null
2014-06-30T03:40:11.133Z - info: lastCursor: null
2014-06-30T03:42:55.366Z - info: lastCursor: null
2014-06-30T03:43:34.632Z - info: lastCursor: null
2014-06-30T03:43:34.634Z - info: Images Folder
2014-06-30T03:45:03.355Z - info: lastCursor: null
2014-06-30T03:45:23.888Z - info: lastCursor: null
2014-06-30T03:46:27.431Z - info: lastCursor: null
2014-06-30T03:46:42.041Z - info: lastCursor: null
2014-06-30T03:47:38.181Z - info: lastCursor: null
2014-06-30T03:59:43.504Z - info: lastCursor: null
2014-06-30T04:03:06.038Z - info: lastCursor: null
2014-06-30T04:03:23.011Z - info: lastCursor: null
2014-06-30T04:12:49.124Z - info: lastCursor: null
2014-06-30T04:14:11.875Z - info: lastCursor: null
2014-06-30T04:14:39.696Z - info: lastCursor: null
2014-06-30T04:20:27.545Z - info: lastCursor: null
2014-06-30T04:21:04.185Z - info: lastCursor: null
2014-06-30T04:22:56.775Z - info: lastCursor: null
2014-06-30T04:23:24.127Z - info: lastCursor: null
2014-06-30T04:26:30.341Z - info: lastCursor: null
2014-06-30T04:29:41.364Z - info: lastCursor: null
2014-06-30T04:30:05.484Z - info: lastCursor: null
2014-06-30T04:30:24.676Z - info: lastCursor: null
2014-06-30T04:31:09.212Z - info: lastCursor: null
2014-06-30T04:31:39.577Z - info: lastCursor: null
2014-06-30T04:32:25.584Z - info: lastCursor: null
2014-06-30T04:35:27.570Z - info: lastCursor: null
2014-06-30T04:36:36.126Z - info: lastCursor: null
2014-06-30T04:37:11.557Z - info: lastCursor: null
2014-06-30T04:37:12.807Z - info: /4R Pre PS edit
2014-06-30T04:37:12.808Z - info: /Half 4R Pre PS edit
2014-06-30T04:37:12.809Z - info: /Wallet Pre PS edit
2014-06-30T04:37:12.810Z - info: /Half 4R Pre PS edit/5oP80AnVWYsAO6ZCRdv4H0qqgez6DXGeqyVDsM9fo7AH71vQdP.jpg
2014-06-30T04:37:12.812Z - info: /Wallet Pre PS edit/usFlLYLxM_VByZKY0LrDKkt_a033w3IBf2RVSzET8yaTvROwB7.jpg
2014-06-30T04:37:12.813Z - info: /Half 4R Pre PS edit/w8gJZCnxUwZ7ePgMhTUdpunjlApmUjexC38Ks2xXZ7sKn4fFV2.jpg
2014-06-30T04:37:12.814Z - info: /Half 4R Pre PS edit/Tann_XXKxZBTIPeZlcUqEStWNe4v6dZ0jT4ji9VsKHy3ZHOEu2.jpg
2014-06-30T04:37:12.815Z - info: /Half 4R Pre PS edit/ffXpadwuSwlTmKyEPztIvRkaqH2QZmviAI3S55qAb_uWrYEB2b.jpg
2014-06-30T04:37:12.816Z - info: /Wallet Pre PS edit/ffXpadwuSwlTmKyEPztIvRkaqH2QZmviAI3S55qAb_uWrYEB2b.jpg
2014-06-30T04:37:12.817Z - info: /Wallet Pre PS edit/GHrE_ITG0VcEyy9RQ4MPrum40r5QC4xPJf3L798tp4ofeduuWC.jpg
2014-06-30T04:37:12.818Z - info: /Wallet Pre PS edit/6mFpfDwapegs7Hd4IhZic4rYS3zL227vqGfQUx6FZiRHKH82Cy.jpg
2014-06-30T04:37:12.819Z - info: /Wallet Pre PS edit/Gk_Uu4hIEOf_fk03FnIDUnzxUmxv76jSdeqPVpuDoJJV8i6ln1.jpg
2014-06-30T04:37:12.821Z - info: /Wallet Pre PS edit/q88Yr4eoeldptHCO6_EE9rf3Jw6WGPy8cPyAWSdSf_3jREoFJp.jpg
2014-06-30T04:37:12.822Z - info: /Wallet Pre PS edit/k9zGK_ueyLmwVtZpkMX6SdI75U7j1X6GN9JCAAUGh9exx9yng8.jpg
2014-06-30T04:37:12.823Z - info: /Half 4R Pre PS edit/BknG2Z165yVuaSDRCxUBhQYrt276Fo0RKvCCEpncqrsbRQIsx6.jpg
2014-06-30T04:37:12.824Z - info: /Wallet Pre PS edit/BknG2Z165yVuaSDRCxUBhQYrt276Fo0RKvCCEpncqrsbRQIsx6.jpg
2014-06-30T04:37:12.825Z - info: /Half 4R Pre PS edit/0c_p0e7rrchFdhYXafFtFhyXy_c8bkK8q6kqWz9jZG1MTnZE2X.jpg
2014-06-30T04:37:12.826Z - info: /Wallet Pre PS edit/g6bPqLbfH1QOxNIk198y4wJXnkpLrgMfnkbKrd1O1y4B3qfKPU.jpg
2014-06-30T04:37:12.827Z - info: /Half 4R Pre PS edit/g6bPqLbfH1QOxNIk198y4wJXnkpLrgMfnkbKrd1O1y4B3qfKPU.jpg
2014-06-30T04:37:12.828Z - info: /Half 4R Pre PS edit/_UAUbsonbMx3p5oucfq0XpoC0FqS7LLPBR5HBlUz4KGmv9oP95.jpg
2014-06-30T04:37:12.829Z - info: /Wallet Pre PS edit/_UAUbsonbMx3p5oucfq0XpoC0FqS7LLPBR5HBlUz4KGmv9oP95.jpg
2014-06-30T04:37:12.831Z - info: /Wallet Pre PS edit/38_46U_15dDHKdCPP5dWuKB7s4wtJw7gcbkQF5m8qEK4Cvrf8k.jpg
2014-06-30T04:37:12.832Z - info: /Wallet Pre PS edit/ebfCzAGYBn5cYl4P4ZIcLSolMupj92xWSJWE72guULdgBtepYU.jpg
2014-06-30T04:37:12.833Z - info: /4R Pre PS edit/ebfCzAGYBn5cYl4P4ZIcLSolMupj92xWSJWE72guULdgBtepYU.jpg
2014-06-30T04:37:12.834Z - info: /Half 4R Pre PS edit/tlpeT76e_YempZybF8qi0P_2OlsPCq9J2IPrfEdN0Y3v_CEQ0d.jpg
2014-06-30T04:37:12.835Z - info: /Wallet Pre PS edit/tlpeT76e_YempZybF8qi0P_2OlsPCq9J2IPrfEdN0Y3v_CEQ0d.jpg
2014-06-30T04:37:12.836Z - info: /Half 4R Pre PS edit/EHqVPENUkhefD9pMR1zg1Becfor7gPBMHn13FBCHDfw7gxaDE6.jpg
2014-06-30T04:37:12.837Z - info: /Wallet Pre PS edit/tmjvHdfxINJ29LEhVX7A2UGEF9ReeyQvDvMQp77fYadPfbwtsQ.jpg
2014-06-30T04:37:12.837Z - info: /Half 4R Pre PS edit/tmjvHdfxINJ29LEhVX7A2UGEF9ReeyQvDvMQp77fYadPfbwtsQ.jpg
2014-06-30T04:37:12.838Z - info: /Wallet Pre PS edit/Yft8jEmL3HaxvX3A_T5bM9s84rL157myJ0gd8ff550i0fd60TL.jpg
2014-06-30T04:37:12.839Z - info: /Half 4R Pre PS edit/ZGtAWi6KfjDUKkAu362wJchTN3ApcFMYmWUfNGQT6XHR2jxsQt.jpg
2014-06-30T04:37:12.840Z - info: /Wallet Pre PS edit/ZGtAWi6KfjDUKkAu362wJchTN3ApcFMYmWUfNGQT6XHR2jxsQt.jpg
2014-06-30T04:37:12.841Z - info: /Wallet Pre PS edit/AVuJa2R9RuL7UHlEqB9zkVfNYSyeWqkRGPO9AYWLfItykRswST.jpg
2014-06-30T04:37:12.842Z - info: /Half 4R Pre PS edit/bYuke2s2UxPHjwUwitl9ya1kUMQMm8SJgJGFeQzn75qAMnTQxv.jpg
2014-06-30T04:37:12.842Z - info: /Wallet Pre PS edit/bYuke2s2UxPHjwUwitl9ya1kUMQMm8SJgJGFeQzn75qAMnTQxv.jpg
2014-06-30T04:37:12.843Z - info: /4R Pre PS edit/abc.jpg
2014-06-30T04:37:12.843Z - info: /4R Pre PS edit/IMAGE - Rendered GFP - 640.jpg
2014-06-30T04:37:12.845Z - info: /4R Pre PS edit/adbd.jpg
2014-06-30T04:37:12.846Z - info: /Wallet Pre PS edit/Screen Shot 2014-05-20 at 11.27.49 PM.png
2014-06-30T04:37:12.846Z - info: /Wallet Pre PS edit/4a518a9a_4608de2e_vtc_14092_ngocanh_01.jpg
2014-06-30T04:37:12.849Z - info: /4R Pre PS edit/75200817-248523_6.jpg
2014-06-30T04:37:12.849Z - info: /4R Pre PS edit/images.jpg
2014-06-30T04:37:12.850Z - info: /Half 4R Pre PS edit/images.jpg
2014-06-30T04:37:12.851Z - info: /Wallet Pre PS edit/1273934526-em-khong-yeu-anh-dau2.jpg
2014-06-30T04:37:12.851Z - info: /Half 4R Pre PS edit/images (1).jpg
2014-06-30T04:37:12.852Z - info: /Wallet Pre PS edit/paige_hyland_6ea3c25e860c11e3b98c0e4d1ad2c28d_8_jpg_jpeg_image_640_640_pixels__gkQGSyFV.sized.jpg
2014-06-30T04:37:12.853Z - info: /Wallet Pre PS edit/Image-1.jpg
2014-06-30T04:37:12.853Z - info: /4R Pre PS edit/image_editor.jpg
2014-06-30T04:37:12.854Z - info: /4R Pre PS edit/Klipsch-Image-S4-II-Black-Lifestyle.jpg
2014-06-30T04:37:12.855Z - info: /Half 4R Pre PS edit/133202main_d_reichart_image2.jpg
2014-06-30T04:37:12.856Z - info: /Images Folder
2014-06-30T04:37:12.856Z - info: /Images Folder/images (2).jpg
2014-06-30T04:44:08.038Z - info: lastCursor: null
2014-06-30T04:44:57.107Z - info: lastCursor: null
2014-06-30T04:45:37.929Z - info: lastCursor: null
2014-06-30T04:45:54.983Z - info: lastCursor: null
2014-06-30T04:47:08.002Z - info: lastCursor: null
2014-06-30T04:47:46.558Z - info: lastCursor: null
2014-06-30T04:49:00.647Z - info: lastCursor: null
2014-06-30T04:49:03.719Z - info: /4R Pre PS edit
2014-06-30T04:49:03.720Z - info: /Half 4R Pre PS edit
2014-06-30T04:49:03.721Z - info: /Wallet Pre PS edit
2014-06-30T04:49:03.722Z - info: /Half 4R Pre PS edit/5oP80AnVWYsAO6ZCRdv4H0qqgez6DXGeqyVDsM9fo7AH71vQdP.jpg
2014-06-30T04:49:03.723Z - info: /Wallet Pre PS edit/usFlLYLxM_VByZKY0LrDKkt_a033w3IBf2RVSzET8yaTvROwB7.jpg
2014-06-30T04:49:03.725Z - info: /Half 4R Pre PS edit/w8gJZCnxUwZ7ePgMhTUdpunjlApmUjexC38Ks2xXZ7sKn4fFV2.jpg
2014-06-30T04:49:03.726Z - info: /Half 4R Pre PS edit/Tann_XXKxZBTIPeZlcUqEStWNe4v6dZ0jT4ji9VsKHy3ZHOEu2.jpg
2014-06-30T04:49:03.727Z - info: /Half 4R Pre PS edit/ffXpadwuSwlTmKyEPztIvRkaqH2QZmviAI3S55qAb_uWrYEB2b.jpg
2014-06-30T04:49:03.728Z - info: /Wallet Pre PS edit/ffXpadwuSwlTmKyEPztIvRkaqH2QZmviAI3S55qAb_uWrYEB2b.jpg
2014-06-30T04:49:03.729Z - info: /Wallet Pre PS edit/GHrE_ITG0VcEyy9RQ4MPrum40r5QC4xPJf3L798tp4ofeduuWC.jpg
2014-06-30T04:49:03.730Z - info: /Wallet Pre PS edit/6mFpfDwapegs7Hd4IhZic4rYS3zL227vqGfQUx6FZiRHKH82Cy.jpg
2014-06-30T04:49:03.731Z - info: /Wallet Pre PS edit/Gk_Uu4hIEOf_fk03FnIDUnzxUmxv76jSdeqPVpuDoJJV8i6ln1.jpg
2014-06-30T04:49:03.732Z - info: /Wallet Pre PS edit/q88Yr4eoeldptHCO6_EE9rf3Jw6WGPy8cPyAWSdSf_3jREoFJp.jpg
2014-06-30T04:49:03.733Z - info: /Wallet Pre PS edit/k9zGK_ueyLmwVtZpkMX6SdI75U7j1X6GN9JCAAUGh9exx9yng8.jpg
2014-06-30T04:49:03.735Z - info: /Half 4R Pre PS edit/BknG2Z165yVuaSDRCxUBhQYrt276Fo0RKvCCEpncqrsbRQIsx6.jpg
2014-06-30T04:49:03.736Z - info: /Wallet Pre PS edit/BknG2Z165yVuaSDRCxUBhQYrt276Fo0RKvCCEpncqrsbRQIsx6.jpg
2014-06-30T04:49:03.737Z - info: /Half 4R Pre PS edit/0c_p0e7rrchFdhYXafFtFhyXy_c8bkK8q6kqWz9jZG1MTnZE2X.jpg
2014-06-30T04:49:03.738Z - info: /Wallet Pre PS edit/g6bPqLbfH1QOxNIk198y4wJXnkpLrgMfnkbKrd1O1y4B3qfKPU.jpg
2014-06-30T04:49:03.739Z - info: /Half 4R Pre PS edit/g6bPqLbfH1QOxNIk198y4wJXnkpLrgMfnkbKrd1O1y4B3qfKPU.jpg
2014-06-30T04:49:03.740Z - info: /Half 4R Pre PS edit/_UAUbsonbMx3p5oucfq0XpoC0FqS7LLPBR5HBlUz4KGmv9oP95.jpg
2014-06-30T04:49:03.741Z - info: /Wallet Pre PS edit/_UAUbsonbMx3p5oucfq0XpoC0FqS7LLPBR5HBlUz4KGmv9oP95.jpg
2014-06-30T04:49:03.742Z - info: /Wallet Pre PS edit/38_46U_15dDHKdCPP5dWuKB7s4wtJw7gcbkQF5m8qEK4Cvrf8k.jpg
2014-06-30T04:49:03.743Z - info: /Wallet Pre PS edit/ebfCzAGYBn5cYl4P4ZIcLSolMupj92xWSJWE72guULdgBtepYU.jpg
2014-06-30T04:49:03.744Z - info: /4R Pre PS edit/ebfCzAGYBn5cYl4P4ZIcLSolMupj92xWSJWE72guULdgBtepYU.jpg
2014-06-30T04:49:03.745Z - info: /Half 4R Pre PS edit/tlpeT76e_YempZybF8qi0P_2OlsPCq9J2IPrfEdN0Y3v_CEQ0d.jpg
2014-06-30T04:49:03.745Z - info: /Wallet Pre PS edit/tlpeT76e_YempZybF8qi0P_2OlsPCq9J2IPrfEdN0Y3v_CEQ0d.jpg
2014-06-30T04:49:03.746Z - info: /Half 4R Pre PS edit/EHqVPENUkhefD9pMR1zg1Becfor7gPBMHn13FBCHDfw7gxaDE6.jpg
2014-06-30T04:49:03.747Z - info: /Wallet Pre PS edit/tmjvHdfxINJ29LEhVX7A2UGEF9ReeyQvDvMQp77fYadPfbwtsQ.jpg
2014-06-30T04:49:03.747Z - info: /Half 4R Pre PS edit/tmjvHdfxINJ29LEhVX7A2UGEF9ReeyQvDvMQp77fYadPfbwtsQ.jpg
2014-06-30T04:49:03.748Z - info: /Wallet Pre PS edit/Yft8jEmL3HaxvX3A_T5bM9s84rL157myJ0gd8ff550i0fd60TL.jpg
2014-06-30T04:49:03.749Z - info: /Half 4R Pre PS edit/ZGtAWi6KfjDUKkAu362wJchTN3ApcFMYmWUfNGQT6XHR2jxsQt.jpg
2014-06-30T04:49:03.749Z - info: /Wallet Pre PS edit/ZGtAWi6KfjDUKkAu362wJchTN3ApcFMYmWUfNGQT6XHR2jxsQt.jpg
2014-06-30T04:49:03.750Z - info: /Wallet Pre PS edit/AVuJa2R9RuL7UHlEqB9zkVfNYSyeWqkRGPO9AYWLfItykRswST.jpg
2014-06-30T04:49:03.751Z - info: /Half 4R Pre PS edit/bYuke2s2UxPHjwUwitl9ya1kUMQMm8SJgJGFeQzn75qAMnTQxv.jpg
2014-06-30T04:49:03.752Z - info: /Wallet Pre PS edit/bYuke2s2UxPHjwUwitl9ya1kUMQMm8SJgJGFeQzn75qAMnTQxv.jpg
2014-06-30T04:49:03.752Z - info: /4R Pre PS edit/abc.jpg
2014-06-30T04:49:03.753Z - info: /4R Pre PS edit/IMAGE - Rendered GFP - 640.jpg
2014-06-30T04:49:03.753Z - info: /4R Pre PS edit/adbd.jpg
2014-06-30T04:49:03.754Z - info: /Wallet Pre PS edit/Screen Shot 2014-05-20 at 11.27.49 PM.png
2014-06-30T04:49:03.757Z - info: /Wallet Pre PS edit/4a518a9a_4608de2e_vtc_14092_ngocanh_01.jpg
2014-06-30T04:49:03.757Z - info: /4R Pre PS edit/75200817-248523_6.jpg
2014-06-30T04:49:03.758Z - info: /4R Pre PS edit/images.jpg
2014-06-30T04:49:03.759Z - info: /Half 4R Pre PS edit/images.jpg
2014-06-30T04:49:03.759Z - info: /Wallet Pre PS edit/1273934526-em-khong-yeu-anh-dau2.jpg
2014-06-30T04:49:03.760Z - info: /Half 4R Pre PS edit/images (1).jpg
2014-06-30T04:49:03.760Z - info: /Wallet Pre PS edit/paige_hyland_6ea3c25e860c11e3b98c0e4d1ad2c28d_8_jpg_jpeg_image_640_640_pixels__gkQGSyFV.sized.jpg
2014-06-30T04:49:03.761Z - info: /Wallet Pre PS edit/Image-1.jpg
2014-06-30T04:49:03.761Z - info: /4R Pre PS edit/image_editor.jpg
2014-06-30T04:49:03.762Z - info: /4R Pre PS edit/Klipsch-Image-S4-II-Black-Lifestyle.jpg
2014-06-30T04:49:03.762Z - info: /Half 4R Pre PS edit/133202main_d_reichart_image2.jpg
2014-06-30T04:49:03.763Z - info: /Images Folder
2014-06-30T04:49:03.763Z - info: /Images Folder/images (2).jpg
2014-06-30T04:49:27.144Z - info: lastCursor: null
2014-06-30T04:49:28.455Z - info: /4R Pre PS edit
2014-06-30T04:49:28.456Z - info: /Half 4R Pre PS edit
2014-06-30T04:49:28.457Z - info: /Wallet Pre PS edit
2014-06-30T04:49:28.459Z - info: /Half 4R Pre PS edit/5oP80AnVWYsAO6ZCRdv4H0qqgez6DXGeqyVDsM9fo7AH71vQdP.jpg
2014-06-30T04:49:28.460Z - info: /Wallet Pre PS edit/usFlLYLxM_VByZKY0LrDKkt_a033w3IBf2RVSzET8yaTvROwB7.jpg
2014-06-30T04:49:28.461Z - info: /Half 4R Pre PS edit/w8gJZCnxUwZ7ePgMhTUdpunjlApmUjexC38Ks2xXZ7sKn4fFV2.jpg
2014-06-30T04:49:28.463Z - info: /Half 4R Pre PS edit/Tann_XXKxZBTIPeZlcUqEStWNe4v6dZ0jT4ji9VsKHy3ZHOEu2.jpg
2014-06-30T04:49:28.464Z - info: /Half 4R Pre PS edit/ffXpadwuSwlTmKyEPztIvRkaqH2QZmviAI3S55qAb_uWrYEB2b.jpg
2014-06-30T04:49:28.465Z - info: /Wallet Pre PS edit/ffXpadwuSwlTmKyEPztIvRkaqH2QZmviAI3S55qAb_uWrYEB2b.jpg
2014-06-30T04:49:28.466Z - info: /Wallet Pre PS edit/GHrE_ITG0VcEyy9RQ4MPrum40r5QC4xPJf3L798tp4ofeduuWC.jpg
2014-06-30T04:49:28.467Z - info: /Wallet Pre PS edit/6mFpfDwapegs7Hd4IhZic4rYS3zL227vqGfQUx6FZiRHKH82Cy.jpg
2014-06-30T04:49:28.468Z - info: /Wallet Pre PS edit/Gk_Uu4hIEOf_fk03FnIDUnzxUmxv76jSdeqPVpuDoJJV8i6ln1.jpg
2014-06-30T04:49:28.469Z - info: /Wallet Pre PS edit/q88Yr4eoeldptHCO6_EE9rf3Jw6WGPy8cPyAWSdSf_3jREoFJp.jpg
2014-06-30T04:49:28.470Z - info: /Wallet Pre PS edit/k9zGK_ueyLmwVtZpkMX6SdI75U7j1X6GN9JCAAUGh9exx9yng8.jpg
2014-06-30T04:49:28.471Z - info: /Half 4R Pre PS edit/BknG2Z165yVuaSDRCxUBhQYrt276Fo0RKvCCEpncqrsbRQIsx6.jpg
2014-06-30T04:49:28.472Z - info: /Wallet Pre PS edit/BknG2Z165yVuaSDRCxUBhQYrt276Fo0RKvCCEpncqrsbRQIsx6.jpg
2014-06-30T04:49:28.473Z - info: /Half 4R Pre PS edit/0c_p0e7rrchFdhYXafFtFhyXy_c8bkK8q6kqWz9jZG1MTnZE2X.jpg
2014-06-30T04:49:28.475Z - info: /Wallet Pre PS edit/g6bPqLbfH1QOxNIk198y4wJXnkpLrgMfnkbKrd1O1y4B3qfKPU.jpg
2014-06-30T04:49:28.476Z - info: /Half 4R Pre PS edit/g6bPqLbfH1QOxNIk198y4wJXnkpLrgMfnkbKrd1O1y4B3qfKPU.jpg
2014-06-30T04:49:28.477Z - info: /Half 4R Pre PS edit/_UAUbsonbMx3p5oucfq0XpoC0FqS7LLPBR5HBlUz4KGmv9oP95.jpg
2014-06-30T04:49:28.479Z - info: /Wallet Pre PS edit/_UAUbsonbMx3p5oucfq0XpoC0FqS7LLPBR5HBlUz4KGmv9oP95.jpg
2014-06-30T04:49:28.481Z - info: /Wallet Pre PS edit/38_46U_15dDHKdCPP5dWuKB7s4wtJw7gcbkQF5m8qEK4Cvrf8k.jpg
2014-06-30T04:49:28.482Z - info: /Wallet Pre PS edit/ebfCzAGYBn5cYl4P4ZIcLSolMupj92xWSJWE72guULdgBtepYU.jpg
2014-06-30T04:49:28.483Z - info: /4R Pre PS edit/ebfCzAGYBn5cYl4P4ZIcLSolMupj92xWSJWE72guULdgBtepYU.jpg
2014-06-30T04:49:28.484Z - info: /Half 4R Pre PS edit/tlpeT76e_YempZybF8qi0P_2OlsPCq9J2IPrfEdN0Y3v_CEQ0d.jpg
2014-06-30T04:49:28.485Z - info: /Wallet Pre PS edit/tlpeT76e_YempZybF8qi0P_2OlsPCq9J2IPrfEdN0Y3v_CEQ0d.jpg
2014-06-30T04:49:28.486Z - info: /Half 4R Pre PS edit/EHqVPENUkhefD9pMR1zg1Becfor7gPBMHn13FBCHDfw7gxaDE6.jpg
2014-06-30T04:49:28.487Z - info: /Wallet Pre PS edit/tmjvHdfxINJ29LEhVX7A2UGEF9ReeyQvDvMQp77fYadPfbwtsQ.jpg
2014-06-30T04:49:28.488Z - info: /Half 4R Pre PS edit/tmjvHdfxINJ29LEhVX7A2UGEF9ReeyQvDvMQp77fYadPfbwtsQ.jpg
2014-06-30T04:49:28.490Z - info: /Wallet Pre PS edit/Yft8jEmL3HaxvX3A_T5bM9s84rL157myJ0gd8ff550i0fd60TL.jpg
2014-06-30T04:49:28.491Z - info: /Half 4R Pre PS edit/ZGtAWi6KfjDUKkAu362wJchTN3ApcFMYmWUfNGQT6XHR2jxsQt.jpg
2014-06-30T04:49:28.492Z - info: /Wallet Pre PS edit/ZGtAWi6KfjDUKkAu362wJchTN3ApcFMYmWUfNGQT6XHR2jxsQt.jpg
2014-06-30T04:49:28.493Z - info: /Wallet Pre PS edit/AVuJa2R9RuL7UHlEqB9zkVfNYSyeWqkRGPO9AYWLfItykRswST.jpg
2014-06-30T04:49:28.494Z - info: /Half 4R Pre PS edit/bYuke2s2UxPHjwUwitl9ya1kUMQMm8SJgJGFeQzn75qAMnTQxv.jpg
2014-06-30T04:49:28.494Z - info: /Wallet Pre PS edit/bYuke2s2UxPHjwUwitl9ya1kUMQMm8SJgJGFeQzn75qAMnTQxv.jpg
2014-06-30T04:49:28.495Z - info: /4R Pre PS edit/abc.jpg
2014-06-30T04:49:28.495Z - info: /4R Pre PS edit/IMAGE - Rendered GFP - 640.jpg
2014-06-30T04:49:28.496Z - info: /4R Pre PS edit/adbd.jpg
2014-06-30T04:49:28.497Z - info: /Wallet Pre PS edit/Screen Shot 2014-05-20 at 11.27.49 PM.png
2014-06-30T04:49:28.497Z - info: /Wallet Pre PS edit/4a518a9a_4608de2e_vtc_14092_ngocanh_01.jpg
2014-06-30T04:49:28.498Z - info: /4R Pre PS edit/75200817-248523_6.jpg
2014-06-30T04:49:28.498Z - info: /4R Pre PS edit/images.jpg
2014-06-30T04:49:28.499Z - info: /Half 4R Pre PS edit/images.jpg
2014-06-30T04:49:28.499Z - info: /Wallet Pre PS edit/1273934526-em-khong-yeu-anh-dau2.jpg
2014-06-30T04:49:28.500Z - info: /Half 4R Pre PS edit/images (1).jpg
2014-06-30T04:49:28.500Z - info: /Wallet Pre PS edit/paige_hyland_6ea3c25e860c11e3b98c0e4d1ad2c28d_8_jpg_jpeg_image_640_640_pixels__gkQGSyFV.sized.jpg
2014-06-30T04:49:28.501Z - info: /Wallet Pre PS edit/Image-1.jpg
2014-06-30T04:49:28.503Z - info: /4R Pre PS edit/image_editor.jpg
2014-06-30T04:49:28.504Z - info: /4R Pre PS edit/Klipsch-Image-S4-II-Black-Lifestyle.jpg
2014-06-30T04:49:28.505Z - info: /Half 4R Pre PS edit/133202main_d_reichart_image2.jpg
2014-06-30T04:49:28.505Z - info: /Images Folder
2014-06-30T04:49:28.506Z - info: /Images Folder/images (2).jpg
2014-06-30T04:52:09.571Z - info: lastCursor: null
2014-06-30T04:52:17.537Z - info: lastCursor: null
2014-06-30T04:52:40.456Z - info: lastCursor: null
2014-06-30T04:53:15.171Z - info: lastCursor: null
2014-06-30T04:54:15.834Z - info: lastCursor: null
2014-06-30T04:56:01.502Z - info: lastCursor: null
2014-06-30T05:37:32.333Z - info: lastCursor: null
2014-06-30T06:18:32.599Z - info: lastCursor: null
2014-06-30T06:19:17.581Z - info: lastCursor: null
2014-06-30T06:19:52.607Z - info: lastCursor: null
2014-06-30T06:20:38.232Z - info: lastCursor: null
2014-06-30T06:20:40.291Z - info: 
2014-06-30T06:20:42.402Z - info: 
2014-06-30T06:20:44.673Z - info: 
2014-06-30T06:20:46.953Z - info: 
2014-06-30T06:20:48.953Z - info: 
2014-06-30T06:20:51.212Z - info: 
2014-06-30T06:20:53.219Z - info: 
2014-06-30T06:20:55.276Z - info: 
2014-06-30T06:20:57.398Z - info: 
2014-06-30T06:20:59.475Z - info: 
2014-06-30T06:21:01.461Z - info: 
2014-06-30T06:21:03.500Z - info: 
2014-06-30T06:21:05.692Z - info: 
2014-06-30T06:21:07.695Z - info: 
2014-06-30T06:21:09.546Z - info: 
2014-06-30T06:21:11.608Z - info: 
2014-06-30T06:21:13.453Z - info: 
2014-06-30T06:21:15.377Z - info: 
2014-06-30T06:21:17.985Z - info: 
2014-06-30T06:21:19.874Z - info: 
2014-06-30T06:21:21.780Z - info: 
2014-06-30T06:21:23.911Z - info: 
2014-06-30T06:21:26.316Z - info: 
2014-06-30T06:21:28.408Z - info: 
2014-06-30T06:21:30.577Z - info: 
2014-06-30T06:21:32.631Z - info: 
2014-06-30T06:21:34.833Z - info: lastCursor: null
2014-06-30T06:21:37.312Z - info: 
2014-06-30T06:21:39.672Z - info: 
2014-06-30T06:21:41.973Z - info: 
2014-06-30T06:21:44.094Z - info: 
2014-06-30T06:21:46.097Z - info: 
2014-06-30T06:21:48.216Z - info: 
2014-06-30T06:21:50.418Z - info: 
2014-06-30T06:23:05.342Z - info: lastCursor: null
2014-06-30T06:23:07.487Z - info: 
2014-06-30T06:23:09.674Z - info: 
2014-06-30T06:23:11.863Z - info: 
2014-06-30T06:23:14.177Z - info: 
2014-06-30T06:23:16.391Z - info: 
2014-06-30T06:23:18.943Z - info: 
2014-06-30T06:23:22.577Z - info: 
2014-06-30T06:23:24.826Z - info: 
2014-06-30T06:23:27.173Z - info: 
2014-06-30T06:23:29.372Z - info: 
2014-06-30T06:23:32.031Z - info: 
2014-06-30T06:23:34.282Z - info: 
2014-06-30T06:23:36.666Z - info: 
2014-06-30T06:23:38.688Z - info: 
2014-06-30T06:23:40.639Z - info: 
2014-06-30T06:23:42.715Z - info: 
2014-06-30T06:23:44.926Z - info: 
2014-06-30T06:23:47.693Z - info: 
2014-06-30T06:23:50.258Z - info: 
2014-06-30T06:23:52.475Z - info: 
2014-06-30T06:23:54.686Z - info: 
2014-06-30T06:23:57.089Z - info: 
2014-06-30T06:23:59.252Z - info: 
2014-06-30T06:24:01.747Z - info: 
2014-06-30T06:24:04.056Z - info: 
2014-06-30T06:24:06.448Z - info: 
2014-06-30T06:24:08.962Z - info: 
2014-06-30T06:24:11.241Z - info: 
2014-06-30T06:24:13.403Z - info: 
2014-06-30T06:24:15.511Z - info: 
2014-06-30T06:24:17.559Z - info: 
2014-06-30T06:24:19.322Z - info: 
2014-06-30T06:24:21.988Z - info: 
2014-06-30T06:24:23.720Z - info: 
2014-06-30T06:24:25.848Z - info: 
2014-06-30T06:24:27.656Z - info: 
2014-06-30T06:24:29.343Z - info: 
2014-06-30T06:24:31.201Z - info: 
2014-06-30T06:24:32.908Z - info: 
2014-06-30T06:24:34.855Z - info: 
2014-06-30T06:24:36.750Z - info: 
2014-06-30T06:24:38.678Z - info: 
2014-06-30T06:24:40.419Z - info: 
2014-06-30T06:24:42.157Z - info: 
2014-06-30T06:24:43.921Z - info: 
2014-06-30T06:24:45.833Z - info: 
2014-06-30T06:24:48.084Z - info: 
2014-06-30T06:24:50.179Z - info: 
2014-06-30T06:24:52.196Z - info: 
2014-06-30T06:24:54.254Z - info: 
2014-06-30T06:24:56.280Z - info: 
2014-06-30T06:24:58.270Z - info: 
2014-06-30T06:25:00.324Z - info: 
2014-06-30T06:25:02.368Z - info: 
2014-06-30T06:25:04.231Z - info: 
2014-06-30T06:25:06.019Z - info: 
2014-06-30T06:25:08.059Z - info: 
2014-06-30T06:25:10.029Z - info: 
2014-06-30T06:25:11.935Z - info: 
2014-06-30T06:25:14.285Z - info: 
2014-06-30T06:25:16.243Z - info: 
2014-06-30T06:25:18.979Z - info: 
2014-06-30T06:25:21.086Z - info: 
2014-06-30T06:25:23.191Z - info: 
2014-06-30T06:25:25.084Z - info: 
2014-06-30T06:25:27.155Z - info: 
2014-06-30T06:25:28.994Z - info: 
2014-06-30T06:25:30.858Z - info: 
2014-06-30T06:25:33.100Z - info: 
2014-06-30T06:25:34.942Z - info: 
2014-06-30T06:25:36.809Z - info: 
2014-06-30T06:25:38.974Z - info: 
2014-06-30T06:25:41.037Z - info: 
2014-06-30T06:25:43.077Z - info: 
2014-06-30T06:25:45.046Z - info: 
2014-06-30T06:25:47.018Z - info: 
2014-06-30T06:25:49.056Z - info: 
2014-06-30T06:25:51.191Z - info: 
2014-06-30T06:25:53.112Z - info: 
2014-06-30T06:25:55.282Z - info: 
2014-06-30T06:25:57.219Z - info: 
2014-06-30T06:25:59.405Z - info: 
2014-06-30T06:26:01.461Z - info: 
2014-06-30T06:26:06.010Z - info: 
2014-06-30T06:26:07.851Z - info: 
2014-06-30T06:26:09.743Z - info: 
2014-06-30T06:26:11.894Z - info: 
